/Volumes/SSD Externo/repositoÌrios/b-studio/backend/venv/lib/python3.9/site-packages/urllib3/__init__.py:35: NotOpenSSLWarning: urllib3 v2 only supports OpenSSL 1.1.1+, currently the 'ssl' module is compiled with 'LibreSSL 2.8.3'. See: https://github.com/urllib3/urllib3/issues/3020
  warnings.warn(
 
 -------------- celery@192.168.0.15 v5.6.2 (recovery)
--- ***** ----- 
-- ******* ---- macOS-26.3-arm64-arm-64bit 2026-02-18 15:51:18
- *** --- * --- 
- ** ---------- [config]
- ** ---------- .> app:         b_studio_worker:0x106dc9be0
- ** ---------- .> transport:   redis://localhost:6379/0
- ** ---------- .> results:     redis://localhost:6379/0
- *** --- * --- .> concurrency: 10 (prefork)
-- ******* ---- .> task events: OFF (enable -E to monitor tasks in this worker)
--- ***** ----- 
 -------------- [queues]
                .> celery           exchange=celery(direct) key=celery
                

[tasks]
  . tasks.periodic_intelligence_check
  . tasks.publish_post

[2026-02-18 15:51:18,616: INFO/MainProcess] Connected to redis://localhost:6379/0
[2026-02-18 15:51:18,619: INFO/MainProcess] mingle: searching for neighbors
[2026-02-18 15:51:19,626: INFO/MainProcess] mingle: all alone
[2026-02-18 15:51:19,637: INFO/MainProcess] celery@192.168.0.15 ready.
